Logfile initialized
[INFO] logfile = D:\Users\Matt\Dropbox\Titanium Workspace\Daysnapper4\build.log
[DEBUG] C:\Users\Matt\AppData\Roaming\Titanium\mobilesdk\win32\2.0.1.GA2\android\builder.py simulator Day Snapper D:\Program Files\Android\android-sdk D:\Users\Matt\Dropbox\Titanium Workspace\Daysnapper4 coop.tiny.daysnapper 9 HVGA
[INFO] Building Day Snapper for Android ... one moment
[INFO] Titanium SDK version: 2.0.1 (04/12/12 16:33 999c68a)
[DEBUG] Waiting for device to be ready ...
[TRACE] adb devices returned 1 devices/emulators
[TRACE] adb devices returned 1 devices/emulators
[TRACE] adb devices returned 1 devices/emulators
[TRACE] adb devices returned 1 devices/emulators
[TRACE] adb devices returned 1 devices/emulators
[DEBUG] Device connected... (waited 20 seconds)
[DEBUG] waited 20.159000 seconds on emulator to get ready
[INFO] Waiting for the Android Emulator to become available
[DEBUG] coop.tiny.daysnapper installed? True
[INFO] Fastdev server running, deploying in Fastdev mode
[INFO] Copying CommonJS modules...
[INFO] Copying project resources..
[TRACE] COPYING MODIFIED FILE: D:\Users\Matt\Dropbox\Titanium Workspace\Daysnapper4\Resources\ui\common\snapsView\SnapsScrollableTableView.js => D:\Users\Matt\Dropbox\Titanium Workspace\Daysnapper4\build\android\bin\assets\Resources\ui\common\snapsView\SnapsScrollableTableView.js
[INFO] Tiapp.xml unchanged, skipping class generation
[DEBUG] Processing Android resource drawables
[DEBUG] found drawable-long-port-hdpi splash screen at D:\Users\Matt\Dropbox\Titanium Workspace\Daysnapper4\Resources\android\images\res-long-port-hdpi\default.png
[DEBUG] found drawable-long-port-ldpi splash screen at D:\Users\Matt\Dropbox\Titanium Workspace\Daysnapper4\Resources\android\images\res-long-port-ldpi\default.png
[DEBUG] found drawable-notlong-port-hdpi splash screen at D:\Users\Matt\Dropbox\Titanium Workspace\Daysnapper4\Resources\android\images\res-notlong-port-hdpi\default.png
[DEBUG] found drawable-notlong-port-ldpi splash screen at D:\Users\Matt\Dropbox\Titanium Workspace\Daysnapper4\Resources\android\images\res-notlong-port-ldpi\default.png
[DEBUG] found drawable-notlong-port-mdpi splash screen at D:\Users\Matt\Dropbox\Titanium Workspace\Daysnapper4\Resources\android\images\res-notlong-port-mdpi\default.png
[INFO] Waiting for SDCard to become available..
[INFO] Re-launching application ... Day Snapper
[INFO] Launching application ... Day Snapper
[TRACE] Launch output: Starting: Intent { act=android.intent.action.MAIN cat=[android.intent.category.LAUNCHER] cmp=coop.tiny.daysnapper/.DaySnapperActivity }

[INFO] Relaunched Day Snapper ... Application should be running.
